{"C:\\Users\\BisanCo\\Desktop\\s_travel_app\\src\\client\\js\\app.js": {"path":"C:\\Users\\BisanCo\\Desktop\\s_travel_app\\src\\client\\js\\app.js","statementMap":{"0":{"start":{"line":1,"column":19},"end":{"line":1,"column":42}},"1":{"start":{"line":5,"column":2},"end":{"line":20,"column":3}},"2":{"start":{"line":6,"column":21},"end":{"line":6,"column":82}},"3":{"start":{"line":7,"column":17},"end":{"line":7,"column":38}},"4":{"start":{"line":9,"column":4},"end":{"line":11,"column":5}},"5":{"start":{"line":10,"column":6},"end":{"line":10,"column":57}},"6":{"start":{"line":13,"column":4},"end":{"line":16,"column":6}},"7":{"start":{"line":18,"column":4},"end":{"line":18,"column":56}},"8":{"start":{"line":19,"column":4},"end":{"line":19,"column":90}},"9":{"start":{"line":25,"column":2},"end":{"line":37,"column":3}},"10":{"start":{"line":26,"column":21},"end":{"line":26,"column":94}},"11":{"start":{"line":27,"column":17},"end":{"line":27,"column":38}},"12":{"start":{"line":29,"column":4},"end":{"line":31,"column":5}},"13":{"start":{"line":30,"column":6},"end":{"line":30,"column":66}},"14":{"start":{"line":33,"column":4},"end":{"line":33,"column":24}},"15":{"start":{"line":35,"column":4},"end":{"line":35,"column":52}},"16":{"start":{"line":36,"column":4},"end":{"line":36,"column":71}},"17":{"start":{"line":42,"column":2},"end":{"line":54,"column":3}},"18":{"start":{"line":43,"column":21},"end":{"line":43,"column":83}},"19":{"start":{"line":44,"column":17},"end":{"line":44,"column":38}},"20":{"start":{"line":46,"column":4},"end":{"line":48,"column":5}},"21":{"start":{"line":47,"column":6},"end":{"line":47,"column":54}},"22":{"start":{"line":50,"column":4},"end":{"line":50,"column":37}},"23":{"start":{"line":52,"column":4},"end":{"line":52,"column":50}},"24":{"start":{"line":53,"column":4},"end":{"line":53,"column":67}},"25":{"start":{"line":59,"column":2},"end":{"line":59,"column":25}},"26":{"start":{"line":60,"column":19},"end":{"line":60,"column":63}},"27":{"start":{"line":61,"column":21},"end":{"line":61,"column":68}},"28":{"start":{"line":63,"column":24},"end":{"line":63,"column":58}},"29":{"start":{"line":64,"column":2},"end":{"line":64,"column":48}},"30":{"start":{"line":66,"column":2},"end":{"line":79,"column":3}},"31":{"start":{"line":67,"column":36},"end":{"line":67,"column":68}},"32":{"start":{"line":68,"column":24},"end":{"line":68,"column":63}},"33":{"start":{"line":69,"column":22},"end":{"line":69,"column":48}},"34":{"start":{"line":71,"column":4},"end":{"line":76,"column":6}},"35":{"start":{"line":78,"column":4},"end":{"line":78,"column":83}},"36":{"start":{"line":82,"column":0},"end":{"line":84,"column":1}},"37":{"start":{"line":83,"column":2},"end":{"line":83,"column":86}}},"fnMap":{"0":{"name":"fetchCoordinates","decl":{"start":{"line":4,"column":15},"end":{"line":4,"column":31}},"loc":{"start":{"line":4,"column":38},"end":{"line":21,"column":1}},"line":4},"1":{"name":"fetchWeather","decl":{"start":{"line":24,"column":15},"end":{"line":24,"column":27}},"loc":{"start":{"line":24,"column":49},"end":{"line":38,"column":1}},"line":24},"2":{"name":"fetchImage","decl":{"start":{"line":41,"column":15},"end":{"line":41,"column":25}},"loc":{"start":{"line":41,"column":36},"end":{"line":55,"column":1}},"line":41},"3":{"name":"handleFormSubmit","decl":{"start":{"line":58,"column":15},"end":{"line":58,"column":31}},"loc":{"start":{"line":58,"column":39},"end":{"line":80,"column":1}},"line":58}},"branchMap":{"0":{"loc":{"start":{"line":9,"column":4},"end":{"line":11,"column":5}},"type":"if","locations":[{"start":{"line":9,"column":4},"end":{"line":11,"column":5}},{"start":{},"end":{}}],"line":9},"1":{"loc":{"start":{"line":9,"column":8},"end":{"line":9,"column":52}},"type":"binary-expr","locations":[{"start":{"line":9,"column":8},"end":{"line":9,"column":22}},{"start":{"line":9,"column":26},"end":{"line":9,"column":52}}],"line":9},"2":{"loc":{"start":{"line":29,"column":4},"end":{"line":31,"column":5}},"type":"if","locations":[{"start":{"line":29,"column":4},"end":{"line":31,"column":5}},{"start":{},"end":{}}],"line":29},"3":{"loc":{"start":{"line":29,"column":8},"end":{"line":29,"column":44}},"type":"binary-expr","locations":[{"start":{"line":29,"column":8},"end":{"line":29,"column":18}},{"start":{"line":29,"column":22},"end":{"line":29,"column":44}}],"line":29},"4":{"loc":{"start":{"line":46,"column":4},"end":{"line":48,"column":5}},"type":"if","locations":[{"start":{"line":46,"column":4},"end":{"line":48,"column":5}},{"start":{},"end":{}}],"line":46},"5":{"loc":{"start":{"line":46,"column":8},"end":{"line":46,"column":44}},"type":"binary-expr","locations":[{"start":{"line":46,"column":8},"end":{"line":46,"column":18}},{"start":{"line":46,"column":22},"end":{"line":46,"column":44}}],"line":46},"6":{"loc":{"start":{"line":82,"column":0},"end":{"line":84,"column":1}},"type":"if","locations":[{"start":{"line":82,"column":0},"end":{"line":84,"column":1}},{"start":{},"end":{}}],"line":82}},"s":{"0":1,"1":1,"2":1,"3":1,"4":1,"5":0,"6":1,"7":0,"8":0,"9":1,"10":1,"11":1,"12":1,"13":0,"14":1,"15":0,"16":0,"17":1,"18":1,"19":1,"20":1,"21":0,"22":1,"23":0,"24":0,"25":1,"26":1,"27":1,"28":1,"29":1,"30":1,"31":1,"32":1,"33":1,"34":1,"35":0,"36":1,"37":1},"f":{"0":1,"1":1,"2":1,"3":1},"b":{"0":[0,1],"1":[1,1],"2":[0,1],"3":[1,1],"4":[0,1],"5":[1,1],"6":[1,0]},"_coverageSchema":"1a1c01bbd47fc00a2c39e90264f33305004495a9","hash":"8ce35fddb1f78a6afedcb7ab58929918bd2b5e26"}
,"C:\\Users\\BisanCo\\Desktop\\s_travel_app\\src\\server\\server.js": {"path":"C:\\Users\\BisanCo\\Desktop\\s_travel_app\\src\\server\\server.js","statementMap":{"0":{"start":{"line":1,"column":0},"end":{"line":1,"column":27}},"1":{"start":{"line":2,"column":16},"end":{"line":2,"column":34}},"2":{"start":{"line":3,"column":13},"end":{"line":3,"column":28}},"3":{"start":{"line":4,"column":13},"end":{"line":4,"column":28}},"4":{"start":{"line":5,"column":14},"end":{"line":5,"column":35}},"5":{"start":{"line":7,"column":12},"end":{"line":7,"column":21}},"6":{"start":{"line":10,"column":0},"end":{"line":10,"column":16}},"7":{"start":{"line":11,"column":0},"end":{"line":11,"column":24}},"8":{"start":{"line":12,"column":0},"end":{"line":12,"column":32}},"9":{"start":{"line":13,"column":0},"end":{"line":13,"column":78}},"10":{"start":{"line":16,"column":0},"end":{"line":30,"column":3}},"11":{"start":{"line":17,"column":2},"end":{"line":29,"column":3}},"12":{"start":{"line":18,"column":28},"end":{"line":18,"column":37}},"13":{"start":{"line":19,"column":21},"end":{"line":19,"column":119}},"14":{"start":{"line":20,"column":17},"end":{"line":20,"column":38}},"15":{"start":{"line":22,"column":4},"end":{"line":24,"column":5}},"16":{"start":{"line":23,"column":6},"end":{"line":23,"column":72}},"17":{"start":{"line":26,"column":4},"end":{"line":26,"column":19}},"18":{"start":{"line":28,"column":4},"end":{"line":28,"column":70}},"19":{"start":{"line":32,"column":0},"end":{"line":46,"column":3}},"20":{"start":{"line":33,"column":2},"end":{"line":45,"column":3}},"21":{"start":{"line":34,"column":25},"end":{"line":34,"column":34}},"22":{"start":{"line":35,"column":21},"end":{"line":35,"column":140}},"23":{"start":{"line":36,"column":17},"end":{"line":36,"column":38}},"24":{"start":{"line":38,"column":4},"end":{"line":40,"column":5}},"25":{"start":{"line":39,"column":6},"end":{"line":39,"column":71}},"26":{"start":{"line":42,"column":4},"end":{"line":42,"column":19}},"27":{"start":{"line":44,"column":4},"end":{"line":44,"column":69}},"28":{"start":{"line":48,"column":0},"end":{"line":62,"column":3}},"29":{"start":{"line":49,"column":2},"end":{"line":61,"column":3}},"30":{"start":{"line":50,"column":28},"end":{"line":50,"column":37}},"31":{"start":{"line":51,"column":21},"end":{"line":51,"column":133}},"32":{"start":{"line":52,"column":17},"end":{"line":52,"column":38}},"33":{"start":{"line":54,"column":4},"end":{"line":56,"column":5}},"34":{"start":{"line":55,"column":6},"end":{"line":55,"column":64}},"35":{"start":{"line":58,"column":4},"end":{"line":58,"column":19}},"36":{"start":{"line":60,"column":4},"end":{"line":60,"column":62}},"37":{"start":{"line":65,"column":0},"end":{"line":67,"column":3}},"38":{"start":{"line":66,"column":2},"end":{"line":66,"column":48}},"39":{"start":{"line":69,"column":0},"end":{"line":69,"column":21}},"40":{"start":{"line":71,"column":0},"end":{"line":76,"column":1}},"41":{"start":{"line":72,"column":15},"end":{"line":72,"column":39}},"42":{"start":{"line":73,"column":2},"end":{"line":75,"column":5}},"43":{"start":{"line":74,"column":4},"end":{"line":74,"column":50}}},"fnMap":{"0":{"name":"(anonymous_0)","decl":{"start":{"line":16,"column":25},"end":{"line":16,"column":26}},"loc":{"start":{"line":16,"column":45},"end":{"line":30,"column":1}},"line":16},"1":{"name":"(anonymous_1)","decl":{"start":{"line":32,"column":24},"end":{"line":32,"column":25}},"loc":{"start":{"line":32,"column":44},"end":{"line":46,"column":1}},"line":32},"2":{"name":"(anonymous_2)","decl":{"start":{"line":48,"column":22},"end":{"line":48,"column":23}},"loc":{"start":{"line":48,"column":42},"end":{"line":62,"column":1}},"line":48},"3":{"name":"(anonymous_3)","decl":{"start":{"line":65,"column":13},"end":{"line":65,"column":14}},"loc":{"start":{"line":65,"column":27},"end":{"line":67,"column":1}},"line":65},"4":{"name":"(anonymous_4)","decl":{"start":{"line":73,"column":19},"end":{"line":73,"column":20}},"loc":{"start":{"line":73,"column":25},"end":{"line":75,"column":3}},"line":73}},"branchMap":{"0":{"loc":{"start":{"line":22,"column":4},"end":{"line":24,"column":5}},"type":"if","locations":[{"start":{"line":22,"column":4},"end":{"line":24,"column":5}},{"start":{},"end":{}}],"line":22},"1":{"loc":{"start":{"line":38,"column":4},"end":{"line":40,"column":5}},"type":"if","locations":[{"start":{"line":38,"column":4},"end":{"line":40,"column":5}},{"start":{},"end":{}}],"line":38},"2":{"loc":{"start":{"line":54,"column":4},"end":{"line":56,"column":5}},"type":"if","locations":[{"start":{"line":54,"column":4},"end":{"line":56,"column":5}},{"start":{},"end":{}}],"line":54},"3":{"loc":{"start":{"line":71,"column":0},"end":{"line":76,"column":1}},"type":"if","locations":[{"start":{"line":71,"column":0},"end":{"line":76,"column":1}},{"start":{},"end":{}}],"line":71},"4":{"loc":{"start":{"line":72,"column":15},"end":{"line":72,"column":39}},"type":"binary-expr","locations":[{"start":{"line":72,"column":15},"end":{"line":72,"column":31}},{"start":{"line":72,"column":35},"end":{"line":72,"column":39}}],"line":72}},"s":{"0":1,"1":1,"2":1,"3":1,"4":1,"5":1,"6":1,"7":1,"8":1,"9":1,"10":1,"11":2,"12":2,"13":2,"14":2,"15":2,"16":1,"17":1,"18":0,"19":1,"20":2,"21":2,"22":2,"23":2,"24":2,"25":1,"26":1,"27":0,"28":1,"29":2,"30":2,"31":2,"32":2,"33":2,"34":1,"35":1,"36":0,"37":1,"38":0,"39":1,"40":1,"41":0,"42":0,"43":0},"f":{"0":2,"1":2,"2":2,"3":0,"4":0},"b":{"0":[1,1],"1":[1,1],"2":[1,1],"3":[0,1],"4":[0,0]},"_coverageSchema":"1a1c01bbd47fc00a2c39e90264f33305004495a9","hash":"f8403af4abf705205f4c5d2c18326bd8abb2bda9"}
}
