{"C:\\Users\\BisanCo\\Desktop\\j_travel_app\\src\\client\\js\\app.js": {"path":"C:\\Users\\BisanCo\\Desktop\\j_travel_app\\src\\client\\js\\app.js","statementMap":{"0":{"start":{"line":1,"column":19},"end":{"line":1,"column":42}},"1":{"start":{"line":4,"column":0},"end":{"line":15,"column":3}},"2":{"start":{"line":5,"column":20},"end":{"line":5,"column":61}},"3":{"start":{"line":6,"column":16},"end":{"line":6,"column":54}},"4":{"start":{"line":7,"column":2},"end":{"line":7,"column":39}},"5":{"start":{"line":9,"column":2},"end":{"line":14,"column":5}},"6":{"start":{"line":10,"column":4},"end":{"line":13,"column":5}},"7":{"start":{"line":11,"column":6},"end":{"line":11,"column":29}},"8":{"start":{"line":12,"column":6},"end":{"line":12,"column":57}},"9":{"start":{"line":19,"column":19},"end":{"line":23,"column":4}},"10":{"start":{"line":25,"column":15},"end":{"line":25,"column":36}},"11":{"start":{"line":26,"column":2},"end":{"line":28,"column":3}},"12":{"start":{"line":27,"column":4},"end":{"line":27,"column":51}},"13":{"start":{"line":33,"column":2},"end":{"line":48,"column":3}},"14":{"start":{"line":34,"column":21},"end":{"line":34,"column":82}},"15":{"start":{"line":35,"column":17},"end":{"line":35,"column":38}},"16":{"start":{"line":37,"column":4},"end":{"line":39,"column":5}},"17":{"start":{"line":38,"column":6},"end":{"line":38,"column":57}},"18":{"start":{"line":41,"column":4},"end":{"line":44,"column":6}},"19":{"start":{"line":46,"column":4},"end":{"line":46,"column":56}},"20":{"start":{"line":47,"column":4},"end":{"line":47,"column":90}},"21":{"start":{"line":53,"column":2},"end":{"line":65,"column":3}},"22":{"start":{"line":54,"column":21},"end":{"line":54,"column":94}},"23":{"start":{"line":55,"column":17},"end":{"line":55,"column":38}},"24":{"start":{"line":57,"column":4},"end":{"line":59,"column":5}},"25":{"start":{"line":58,"column":6},"end":{"line":58,"column":66}},"26":{"start":{"line":61,"column":4},"end":{"line":61,"column":24}},"27":{"start":{"line":63,"column":4},"end":{"line":63,"column":52}},"28":{"start":{"line":64,"column":4},"end":{"line":64,"column":71}},"29":{"start":{"line":70,"column":2},"end":{"line":82,"column":3}},"30":{"start":{"line":71,"column":21},"end":{"line":71,"column":83}},"31":{"start":{"line":72,"column":17},"end":{"line":72,"column":38}},"32":{"start":{"line":74,"column":4},"end":{"line":76,"column":5}},"33":{"start":{"line":75,"column":6},"end":{"line":75,"column":54}},"34":{"start":{"line":78,"column":4},"end":{"line":78,"column":37}},"35":{"start":{"line":80,"column":4},"end":{"line":80,"column":50}},"36":{"start":{"line":81,"column":4},"end":{"line":81,"column":67}},"37":{"start":{"line":87,"column":2},"end":{"line":87,"column":25}},"38":{"start":{"line":88,"column":19},"end":{"line":88,"column":63}},"39":{"start":{"line":89,"column":21},"end":{"line":89,"column":68}},"40":{"start":{"line":91,"column":24},"end":{"line":91,"column":58}},"41":{"start":{"line":92,"column":2},"end":{"line":92,"column":48}},"42":{"start":{"line":94,"column":2},"end":{"line":108,"column":3}},"43":{"start":{"line":95,"column":4},"end":{"line":95,"column":35}},"44":{"start":{"line":96,"column":36},"end":{"line":96,"column":68}},"45":{"start":{"line":97,"column":24},"end":{"line":97,"column":63}},"46":{"start":{"line":98,"column":22},"end":{"line":98,"column":48}},"47":{"start":{"line":100,"column":4},"end":{"line":105,"column":6}},"48":{"start":{"line":107,"column":4},"end":{"line":107,"column":83}},"49":{"start":{"line":111,"column":0},"end":{"line":113,"column":1}},"50":{"start":{"line":112,"column":2},"end":{"line":112,"column":86}}},"fnMap":{"0":{"name":"(anonymous_0)","decl":{"start":{"line":4,"column":46},"end":{"line":4,"column":47}},"loc":{"start":{"line":4,"column":58},"end":{"line":15,"column":1}},"line":4},"1":{"name":"(anonymous_1)","decl":{"start":{"line":9,"column":68},"end":{"line":9,"column":69}},"loc":{"start":{"line":9,"column":85},"end":{"line":14,"column":3}},"line":9},"2":{"name":"validateDate","decl":{"start":{"line":18,"column":15},"end":{"line":18,"column":27}},"loc":{"start":{"line":18,"column":43},"end":{"line":29,"column":1}},"line":18},"3":{"name":"fetchCoordinates","decl":{"start":{"line":32,"column":15},"end":{"line":32,"column":31}},"loc":{"start":{"line":32,"column":38},"end":{"line":49,"column":1}},"line":32},"4":{"name":"fetchWeather","decl":{"start":{"line":52,"column":15},"end":{"line":52,"column":27}},"loc":{"start":{"line":52,"column":49},"end":{"line":66,"column":1}},"line":52},"5":{"name":"fetchImage","decl":{"start":{"line":69,"column":15},"end":{"line":69,"column":25}},"loc":{"start":{"line":69,"column":36},"end":{"line":83,"column":1}},"line":69},"6":{"name":"handleFormSubmit","decl":{"start":{"line":86,"column":15},"end":{"line":86,"column":31}},"loc":{"start":{"line":86,"column":39},"end":{"line":109,"column":1}},"line":86}},"branchMap":{"0":{"loc":{"start":{"line":10,"column":4},"end":{"line":13,"column":5}},"type":"if","locations":[{"start":{"line":10,"column":4},"end":{"line":13,"column":5}},{"start":{},"end":{}}],"line":10},"1":{"loc":{"start":{"line":26,"column":2},"end":{"line":28,"column":3}},"type":"if","locations":[{"start":{"line":26,"column":2},"end":{"line":28,"column":3}},{"start":{},"end":{}}],"line":26},"2":{"loc":{"start":{"line":27,"column":20},"end":{"line":27,"column":49}},"type":"binary-expr","locations":[{"start":{"line":27,"column":20},"end":{"line":27,"column":30}},{"start":{"line":27,"column":34},"end":{"line":27,"column":49}}],"line":27},"3":{"loc":{"start":{"line":37,"column":4},"end":{"line":39,"column":5}},"type":"if","locations":[{"start":{"line":37,"column":4},"end":{"line":39,"column":5}},{"start":{},"end":{}}],"line":37},"4":{"loc":{"start":{"line":37,"column":8},"end":{"line":37,"column":52}},"type":"binary-expr","locations":[{"start":{"line":37,"column":8},"end":{"line":37,"column":22}},{"start":{"line":37,"column":26},"end":{"line":37,"column":52}}],"line":37},"5":{"loc":{"start":{"line":57,"column":4},"end":{"line":59,"column":5}},"type":"if","locations":[{"start":{"line":57,"column":4},"end":{"line":59,"column":5}},{"start":{},"end":{}}],"line":57},"6":{"loc":{"start":{"line":57,"column":8},"end":{"line":57,"column":44}},"type":"binary-expr","locations":[{"start":{"line":57,"column":8},"end":{"line":57,"column":18}},{"start":{"line":57,"column":22},"end":{"line":57,"column":44}}],"line":57},"7":{"loc":{"start":{"line":74,"column":4},"end":{"line":76,"column":5}},"type":"if","locations":[{"start":{"line":74,"column":4},"end":{"line":76,"column":5}},{"start":{},"end":{}}],"line":74},"8":{"loc":{"start":{"line":74,"column":8},"end":{"line":74,"column":44}},"type":"binary-expr","locations":[{"start":{"line":74,"column":8},"end":{"line":74,"column":18}},{"start":{"line":74,"column":22},"end":{"line":74,"column":44}}],"line":74},"9":{"loc":{"start":{"line":111,"column":0},"end":{"line":113,"column":1}},"type":"if","locations":[{"start":{"line":111,"column":0},"end":{"line":113,"column":1}},{"start":{},"end":{}}],"line":111}},"s":{"0":1,"1":1,"2":0,"3":0,"4":0,"5":0,"6":0,"7":0,"8":0,"9":1,"10":1,"11":1,"12":0,"13":1,"14":1,"15":1,"16":1,"17":0,"18":1,"19":0,"20":0,"21":1,"22":1,"23":1,"24":1,"25":0,"26":1,"27":0,"28":0,"29":1,"30":1,"31":1,"32":1,"33":0,"34":1,"35":0,"36":0,"37":1,"38":1,"39":1,"40":1,"41":1,"42":1,"43":1,"44":1,"45":1,"46":1,"47":1,"48":0,"49":1,"50":1},"f":{"0":0,"1":0,"2":1,"3":1,"4":1,"5":1,"6":1},"b":{"0":[0,0],"1":[0,1],"2":[0,0],"3":[0,1],"4":[1,1],"5":[0,1],"6":[1,1],"7":[0,1],"8":[1,1],"9":[1,0]},"_coverageSchema":"1a1c01bbd47fc00a2c39e90264f33305004495a9","hash":"4646677bbb60d79084aed925922ed80e0fe263e1"}
,"C:\\Users\\BisanCo\\Desktop\\j_travel_app\\src\\server\\server.js": {"path":"C:\\Users\\BisanCo\\Desktop\\j_travel_app\\src\\server\\server.js","statementMap":{"0":{"start":{"line":1,"column":0},"end":{"line":1,"column":27}},"1":{"start":{"line":2,"column":16},"end":{"line":2,"column":34}},"2":{"start":{"line":3,"column":13},"end":{"line":3,"column":28}},"3":{"start":{"line":4,"column":13},"end":{"line":4,"column":28}},"4":{"start":{"line":5,"column":14},"end":{"line":5,"column":35}},"5":{"start":{"line":7,"column":12},"end":{"line":7,"column":21}},"6":{"start":{"line":10,"column":0},"end":{"line":10,"column":16}},"7":{"start":{"line":11,"column":0},"end":{"line":11,"column":24}},"8":{"start":{"line":12,"column":0},"end":{"line":12,"column":32}},"9":{"start":{"line":13,"column":0},"end":{"line":13,"column":78}},"10":{"start":{"line":16,"column":0},"end":{"line":25,"column":3}},"11":{"start":{"line":17,"column":28},"end":{"line":17,"column":36}},"12":{"start":{"line":18,"column":16},"end":{"line":18,"column":54}},"13":{"start":{"line":20,"column":2},"end":{"line":22,"column":3}},"14":{"start":{"line":21,"column":4},"end":{"line":21,"column":89}},"15":{"start":{"line":24,"column":2},"end":{"line":24,"column":30}},"16":{"start":{"line":28,"column":0},"end":{"line":44,"column":3}},"17":{"start":{"line":29,"column":2},"end":{"line":43,"column":3}},"18":{"start":{"line":30,"column":28},"end":{"line":30,"column":37}},"19":{"start":{"line":31,"column":21},"end":{"line":33,"column":5}},"20":{"start":{"line":34,"column":17},"end":{"line":34,"column":38}},"21":{"start":{"line":36,"column":4},"end":{"line":38,"column":5}},"22":{"start":{"line":37,"column":6},"end":{"line":37,"column":72}},"23":{"start":{"line":40,"column":4},"end":{"line":40,"column":19}},"24":{"start":{"line":42,"column":4},"end":{"line":42,"column":70}},"25":{"start":{"line":47,"column":0},"end":{"line":63,"column":3}},"26":{"start":{"line":48,"column":2},"end":{"line":62,"column":3}},"27":{"start":{"line":49,"column":25},"end":{"line":49,"column":34}},"28":{"start":{"line":50,"column":21},"end":{"line":52,"column":5}},"29":{"start":{"line":53,"column":17},"end":{"line":53,"column":38}},"30":{"start":{"line":55,"column":4},"end":{"line":57,"column":5}},"31":{"start":{"line":56,"column":6},"end":{"line":56,"column":71}},"32":{"start":{"line":59,"column":4},"end":{"line":59,"column":19}},"33":{"start":{"line":61,"column":4},"end":{"line":61,"column":69}},"34":{"start":{"line":66,"column":0},"end":{"line":82,"column":3}},"35":{"start":{"line":67,"column":2},"end":{"line":81,"column":3}},"36":{"start":{"line":68,"column":28},"end":{"line":68,"column":37}},"37":{"start":{"line":69,"column":21},"end":{"line":71,"column":5}},"38":{"start":{"line":72,"column":17},"end":{"line":72,"column":38}},"39":{"start":{"line":74,"column":4},"end":{"line":76,"column":5}},"40":{"start":{"line":75,"column":6},"end":{"line":75,"column":64}},"41":{"start":{"line":78,"column":4},"end":{"line":78,"column":19}},"42":{"start":{"line":80,"column":4},"end":{"line":80,"column":62}},"43":{"start":{"line":85,"column":0},"end":{"line":87,"column":3}},"44":{"start":{"line":86,"column":2},"end":{"line":86,"column":48}},"45":{"start":{"line":89,"column":0},"end":{"line":89,"column":21}},"46":{"start":{"line":91,"column":0},"end":{"line":96,"column":1}},"47":{"start":{"line":92,"column":15},"end":{"line":92,"column":39}},"48":{"start":{"line":93,"column":2},"end":{"line":95,"column":5}},"49":{"start":{"line":94,"column":4},"end":{"line":94,"column":53}}},"fnMap":{"0":{"name":"(anonymous_0)","decl":{"start":{"line":16,"column":31},"end":{"line":16,"column":32}},"loc":{"start":{"line":16,"column":45},"end":{"line":25,"column":1}},"line":16},"1":{"name":"(anonymous_1)","decl":{"start":{"line":28,"column":25},"end":{"line":28,"column":26}},"loc":{"start":{"line":28,"column":45},"end":{"line":44,"column":1}},"line":28},"2":{"name":"(anonymous_2)","decl":{"start":{"line":47,"column":24},"end":{"line":47,"column":25}},"loc":{"start":{"line":47,"column":44},"end":{"line":63,"column":1}},"line":47},"3":{"name":"(anonymous_3)","decl":{"start":{"line":66,"column":22},"end":{"line":66,"column":23}},"loc":{"start":{"line":66,"column":42},"end":{"line":82,"column":1}},"line":66},"4":{"name":"(anonymous_4)","decl":{"start":{"line":85,"column":13},"end":{"line":85,"column":14}},"loc":{"start":{"line":85,"column":27},"end":{"line":87,"column":1}},"line":85},"5":{"name":"(anonymous_5)","decl":{"start":{"line":93,"column":19},"end":{"line":93,"column":20}},"loc":{"start":{"line":93,"column":25},"end":{"line":95,"column":3}},"line":93}},"branchMap":{"0":{"loc":{"start":{"line":20,"column":2},"end":{"line":22,"column":3}},"type":"if","locations":[{"start":{"line":20,"column":2},"end":{"line":22,"column":3}},{"start":{},"end":{}}],"line":20},"1":{"loc":{"start":{"line":20,"column":6},"end":{"line":20,"column":45}},"type":"binary-expr","locations":[{"start":{"line":20,"column":6},"end":{"line":20,"column":20}},{"start":{"line":20,"column":24},"end":{"line":20,"column":45}}],"line":20},"2":{"loc":{"start":{"line":36,"column":4},"end":{"line":38,"column":5}},"type":"if","locations":[{"start":{"line":36,"column":4},"end":{"line":38,"column":5}},{"start":{},"end":{}}],"line":36},"3":{"loc":{"start":{"line":55,"column":4},"end":{"line":57,"column":5}},"type":"if","locations":[{"start":{"line":55,"column":4},"end":{"line":57,"column":5}},{"start":{},"end":{}}],"line":55},"4":{"loc":{"start":{"line":74,"column":4},"end":{"line":76,"column":5}},"type":"if","locations":[{"start":{"line":74,"column":4},"end":{"line":76,"column":5}},{"start":{},"end":{}}],"line":74},"5":{"loc":{"start":{"line":91,"column":0},"end":{"line":96,"column":1}},"type":"if","locations":[{"start":{"line":91,"column":0},"end":{"line":96,"column":1}},{"start":{},"end":{}}],"line":91},"6":{"loc":{"start":{"line":92,"column":15},"end":{"line":92,"column":39}},"type":"binary-expr","locations":[{"start":{"line":92,"column":15},"end":{"line":92,"column":31}},{"start":{"line":92,"column":35},"end":{"line":92,"column":39}}],"line":92}},"s":{"0":1,"1":1,"2":1,"3":1,"4":1,"5":1,"6":1,"7":1,"8":1,"9":1,"10":1,"11":0,"12":0,"13":0,"14":0,"15":0,"16":1,"17":2,"18":2,"19":2,"20":2,"21":2,"22":1,"23":1,"24":0,"25":1,"26":2,"27":2,"28":2,"29":2,"30":2,"31":1,"32":1,"33":0,"34":1,"35":2,"36":2,"37":2,"38":2,"39":2,"40":1,"41":1,"42":0,"43":1,"44":0,"45":1,"46":1,"47":0,"48":0,"49":0},"f":{"0":0,"1":2,"2":2,"3":2,"4":0,"5":0},"b":{"0":[0,0],"1":[0,0],"2":[1,1],"3":[1,1],"4":[1,1],"5":[0,1],"6":[0,0]},"_coverageSchema":"1a1c01bbd47fc00a2c39e90264f33305004495a9","hash":"748296131aa7f4e0997883a9ab1e60323825f497"}
}
