TN:
SF:src\client\js\app.js
FN:4,fetchCoordinates
FN:24,fetchWeather
FN:41,fetchImage
FN:58,handleFormSubmit
FNF:4
FNH:4
FNDA:1,fetchCoordinates
FNDA:1,fetchWeather
FNDA:1,fetchImage
FNDA:1,handleFormSubmit
DA:1,1
DA:5,1
DA:6,1
DA:7,1
DA:9,1
DA:10,0
DA:13,1
DA:18,0
DA:19,0
DA:25,1
DA:26,1
DA:27,1
DA:29,1
DA:30,0
DA:33,1
DA:35,0
DA:36,0
DA:42,1
DA:43,1
DA:44,1
DA:46,1
DA:47,0
DA:50,1
DA:52,0
DA:53,0
DA:59,1
DA:60,1
DA:61,1
DA:63,1
DA:64,1
DA:66,1
DA:67,1
DA:68,1
DA:69,1
DA:71,1
DA:78,0
DA:82,1
DA:83,1
LF:38
LH:28
BRDA:9,0,0,0
BRDA:9,0,1,1
BRDA:9,1,0,1
BRDA:9,1,1,1
BRDA:29,2,0,0
BRDA:29,2,1,1
BRDA:29,3,0,1
BRDA:29,3,1,1
BRDA:46,4,0,0
BRDA:46,4,1,1
BRDA:46,5,0,1
BRDA:46,5,1,1
BRDA:82,6,0,1
BRDA:82,6,1,0
BRF:14
BRH:10
end_of_record
TN:
SF:src\server\server.js
FN:16,(anonymous_0)
FN:32,(anonymous_1)
FN:48,(anonymous_2)
FN:65,(anonymous_3)
FN:73,(anonymous_4)
FNF:5
FNH:3
FNDA:2,(anonymous_0)
FNDA:2,(anonymous_1)
FNDA:2,(anonymous_2)
FNDA:0,(anonymous_3)
FNDA:0,(anonymous_4)
DA:1,1
DA:2,1
DA:3,1
DA:4,1
DA:5,1
DA:7,1
DA:10,1
DA:11,1
DA:12,1
DA:13,1
DA:16,1
DA:17,2
DA:18,2
DA:19,2
DA:20,2
DA:22,2
DA:23,1
DA:26,1
DA:28,0
DA:32,1
DA:33,2
DA:34,2
DA:35,2
DA:36,2
DA:38,2
DA:39,1
DA:42,1
DA:44,0
DA:48,1
DA:49,2
DA:50,2
DA:51,2
DA:52,2
DA:54,2
DA:55,1
DA:58,1
DA:60,0
DA:65,1
DA:66,0
DA:69,1
DA:71,1
DA:72,0
DA:73,0
DA:74,0
LF:44
LH:37
BRDA:22,0,0,1
BRDA:22,0,1,1
BRDA:38,1,0,1
BRDA:38,1,1,1
BRDA:54,2,0,1
BRDA:54,2,1,1
BRDA:71,3,0,0
BRDA:71,3,1,1
BRDA:72,4,0,0
BRDA:72,4,1,0
BRF:10
BRH:7
end_of_record
